[INFO] Scanning for projects...
[INFO] 
[INFO] ------------------------< com.yashu.demo:demo >-------------------------
[INFO] Building demo Jersey Webapp 1.0-SNAPSHOT
[INFO]   from pom.xml
[INFO] --------------------------------[ war ]---------------------------------
[INFO] 
[INFO] --- clean:3.2.0:clean (default-clean) @ demo ---
[INFO] Deleting D:\demo-maven-target
[INFO] 
[INFO] >>> jetty:9.4.57.v20241219:run (default-cli) > test-compile @ demo >>>
[INFO] 
[INFO] --- resources:3.4.0:resources (default-resources) @ demo ---
[INFO] skip non existing resourceDirectory D:\Full Stack\Practice\Java, Spring, and Microservices\9.REST API and Web Services\ResourceClass\src\main\resources
[INFO] 
[INFO] --- compiler:3.11.0:compile (default-compile) @ demo ---
[INFO] Changes detected - recompiling the module! :source
[INFO] Compiling 4 source files with javac [debug release 8] to ..\..\..\..\..\demo-maven-target\classes
[WARNING] source value 8 is obsolete and will be removed in a future release
[WARNING] target value 8 is obsolete and will be removed in a future release
[WARNING] To suppress warnings about obsolete options, use -Xlint:-options.
[INFO] 
[INFO] --- resources:3.4.0:testResources (default-testResources) @ demo ---
[INFO] skip non existing resourceDirectory D:\Full Stack\Practice\Java, Spring, and Microservices\9.REST API and Web Services\ResourceClass\src\test\resources
[INFO] 
[INFO] --- compiler:3.11.0:testCompile (default-testCompile) @ demo ---
[INFO] Changes detected - recompiling the module! :dependency
[INFO] 
[INFO] <<< jetty:9.4.57.v20241219:run (default-cli) < test-compile @ demo <<<
[INFO] 
[INFO] 
[INFO] --- jetty:9.4.57.v20241219:run (default-cli) @ demo ---
[INFO] Logging initialized @4245ms to org.eclipse.jetty.util.log.Slf4jLog
[INFO] webAppSourceDirectory not set. Trying src\main\webapp
[INFO] Reload Mechanic: automatic
[INFO] nonBlocking:false
[INFO] Classes = D:\demo-maven-target\classes
[INFO] Configuring Jetty for project: demo Jersey Webapp
[INFO] Context path = /demo
[INFO] Tmp directory = D:\demo-maven-target\tmp
[INFO] Web defaults = org/eclipse/jetty/webapp/webdefault.xml
[INFO] Web overrides =  none
[INFO] web.xml file = file:///D:/Full%20Stack/Practice/Java,%20Spring,%20and%20Microservices/9.REST%20API%20and%20Web%20Services/ResourceClass/src/main/webapp/WEB-INF/web.xml
[INFO] Webapp directory = D:\Full Stack\Practice\Java, Spring, and Microservices\9.REST API and Web Services\ResourceClass\src\main\webapp
[INFO] jetty-9.4.57.v20241219; built: 2025-01-08T21:24:30.412Z; git: df524e6b29271c2e09ba9aea83c18dc9db464a31; jvm 25.0.2+10-LTS-69
[WARNING] javax.activation.ActivationDataFlavor scanned from multiple locations: jar:file:///C:/Users/AMANY/.m2/repository/javax/activation/javax.activation-api/1.2.0/javax.activation-api-1.2.0.jar!/javax/activation/ActivationDataFlavor.class, jar:file:///C:/Users/AMANY/.m2/repository/com/sun/activation/jakarta.activation/1.2.2/jakarta.activation-1.2.2.jar!/javax/activation/ActivationDataFlavor.class
[WARNING] javax.activation.CommandInfo$Beans$1 scanned from multiple locations: jar:file:///C:/Users/AMANY/.m2/repository/javax/activation/javax.activation-api/1.2.0/javax.activation-api-1.2.0.jar!/javax/activation/CommandInfo$Beans$1.class, jar:file:///C:/Users/AMANY/.m2/repository/com/sun/activation/jakarta.activation/1.2.2/jakarta.activation-1.2.2.jar!/javax/activation/CommandInfo$Beans$1.class
[WARNING] javax.xml.bind.Binder scanned from multiple locations: jar:file:///C:/Users/AMANY/.m2/repository/jakarta/xml/bind/jakarta.xml.bind-api/2.3.3/jakarta.xml.bind-api-2.3.3.jar!/javax/xml/bind/Binder.class, jar:file:///C:/Users/AMANY/.m2/repository/javax/xml/bind/jaxb-api/2.3.1/jaxb-api-2.3.1.jar!/javax/xml/bind/Binder.class
[WARNING] javax.activation.CommandInfo$Beans scanned from multiple locations: jar:file:///C:/Users/AMANY/.m2/repository/javax/activation/javax.activation-api/1.2.0/javax.activation-api-1.2.0.jar!/javax/activation/CommandInfo$Beans.class, jar:file:///C:/Users/AMANY/.m2/repository/com/sun/activation/jakarta.activation/1.2.2/jakarta.activation-1.2.2.jar!/javax/activation/CommandInfo$Beans.class
[WARNING] javax.xml.bind.ContextFinder$1 scanned from multiple locations: jar:file:///C:/Users/AMANY/.m2/repository/jakarta/xml/bind/jakarta.xml.bind-api/2.3.3/jakarta.xml.bind-api-2.3.3.jar!/javax/xml/bind/ContextFinder$1.class, jar:file:///C:/Users/AMANY/.m2/repository/javax/xml/bind/jaxb-api/2.3.1/jaxb-api-2.3.1.jar!/javax/xml/bind/ContextFinder$1.class
[WARNING] javax.xml.bind.ContextFinder$2 scanned from multiple locations: jar:file:///C:/Users/AMANY/.m2/repository/jakarta/xml/bind/jakarta.xml.bind-api/2.3.3/jakarta.xml.bind-api-2.3.3.jar!/javax/xml/bind/ContextFinder$2.class, jar:file:///C:/Users/AMANY/.m2/repository/javax/xml/bind/jaxb-api/2.3.1/jaxb-api-2.3.1.jar!/javax/xml/bind/ContextFinder$2.class
[WARNING] javax.activation.CommandInfo scanned from multiple locations: jar:file:///C:/Users/AMANY/.m2/repository/javax/activation/javax.activation-api/1.2.0/javax.activation-api-1.2.0.jar!/javax/activation/CommandInfo.class, jar:file:///C:/Users/AMANY/.m2/repository/com/sun/activation/jakarta.activation/1.2.2/jakarta.activation-1.2.2.jar!/javax/activation/CommandInfo.class
[WARNING] javax.activation.CommandMap scanned from multiple locations: jar:file:///C:/Users/AMANY/.m2/repository/javax/activation/javax.activation-api/1.2.0/javax.activation-api-1.2.0.jar!/javax/activation/CommandMap.class, jar:file:///C:/Users/AMANY/.m2/repository/com/sun/activation/jakarta.activation/1.2.2/jakarta.activation-1.2.2.jar!/javax/activation/CommandMap.class
[WARNING] javax.xml.bind.ContextFinder$3 scanned from multiple locations: jar:file:///C:/Users/AMANY/.m2/repository/jakarta/xml/bind/jakarta.xml.bind-api/2.3.3/jakarta.xml.bind-api-2.3.3.jar!/javax/xml/bind/ContextFinder$3.class, jar:file:///C:/Users/AMANY/.m2/repository/javax/xml/bind/jaxb-api/2.3.1/jaxb-api-2.3.1.jar!/javax/xml/bind/ContextFinder$3.class
[WARNING] javax.activation.CommandObject scanned from multiple locations: jar:file:///C:/Users/AMANY/.m2/repository/javax/activation/javax.activation-api/1.2.0/javax.activation-api-1.2.0.jar!/javax/activation/CommandObject.class, jar:file:///C:/Users/AMANY/.m2/repository/com/sun/activation/jakarta.activation/1.2.2/jakarta.activation-1.2.2.jar!/javax/activation/CommandObject.class
[WARNING] javax.xml.bind.ContextFinder$4 scanned from multiple locations: jar:file:///C:/Users/AMANY/.m2/repository/jakarta/xml/bind/jakarta.xml.bind-api/2.3.3/jakarta.xml.bind-api-2.3.3.jar!/javax/xml/bind/ContextFinder$4.class, jar:file:///C:/Users/AMANY/.m2/repository/javax/xml/bind/jaxb-api/2.3.1/jaxb-api-2.3.1.jar!/javax/xml/bind/ContextFinder$4.class
[WARNING] javax.activation.DataContentHandler scanned from multiple locations: jar:file:///C:/Users/AMANY/.m2/repository/javax/activation/javax.activation-api/1.2.0/javax.activation-api-1.2.0.jar!/javax/activation/DataContentHandler.class, jar:file:///C:/Users/AMANY/.m2/repository/com/sun/activation/jakarta.activation/1.2.2/jakarta.activation-1.2.2.jar!/javax/activation/DataContentHandler.class
[WARNING] javax.xml.bind.ContextFinder$5 scanned from multiple locations: jar:file:///C:/Users/AMANY/.m2/repository/jakarta/xml/bind/jakarta.xml.bind-api/2.3.3/jakarta.xml.bind-api-2.3.3.jar!/javax/xml/bind/ContextFinder$5.class, jar:file:///C:/Users/AMANY/.m2/repository/javax/xml/bind/jaxb-api/2.3.1/jaxb-api-2.3.1.jar!/javax/xml/bind/ContextFinder$5.class
[WARNING] javax.activation.DataContentHandlerFactory scanned from multiple locations: jar:file:///C:/Users/AMANY/.m2/repository/javax/activation/javax.activation-api/1.2.0/javax.activation-api-1.2.0.jar!/javax/activation/DataContentHandlerFactory.class, jar:file:///C:/Users/AMANY/.m2/repository/com/sun/activation/jakarta.activation/1.2.2/jakarta.activation-1.2.2.jar!/javax/activation/DataContentHandlerFactory.class
[WARNING] javax.xml.bind.ContextFinder scanned from multiple locations: jar:file:///C:/Users/AMANY/.m2/repository/jakarta/xml/bind/jakarta.xml.bind-api/2.3.3/jakarta.xml.bind-api-2.3.3.jar!/javax/xml/bind/ContextFinder.class, jar:file:///C:/Users/AMANY/.m2/repository/javax/xml/bind/jaxb-api/2.3.1/jaxb-api-2.3.1.jar!/javax/xml/bind/ContextFinder.class
[WARNING] javax.activation.DataHandler$1 scanned from multiple locations: jar:file:///C:/Users/AMANY/.m2/repository/javax/activation/javax.activation-api/1.2.0/javax.activation-api-1.2.0.jar!/javax/activation/DataHandler$1.class, jar:file:///C:/Users/AMANY/.m2/repository/com/sun/activation/jakarta.activation/1.2.2/jakarta.activation-1.2.2.jar!/javax/activation/DataHandler$1.class
[WARNING] javax.xml.bind.DataBindingException scanned from multiple locations: jar:file:///C:/Users/AMANY/.m2/repository/jakarta/xml/bind/jakarta.xml.bind-api/2.3.3/jakarta.xml.bind-api-2.3.3.jar!/javax/xml/bind/DataBindingException.class, jar:file:///C:/Users/AMANY/.m2/repository/javax/xml/bind/jaxb-api/2.3.1/jaxb-api-2.3.1.jar!/javax/xml/bind/DataBindingException.class
[WARNING] javax.activation.DataHandler scanned from multiple locations: jar:file:///C:/Users/AMANY/.m2/repository/javax/activation/javax.activation-api/1.2.0/javax.activation-api-1.2.0.jar!/javax/activation/DataHandler.class, jar:file:///C:/Users/AMANY/.m2/repository/com/sun/activation/jakarta.activation/1.2.2/jakarta.activation-1.2.2.jar!/javax/activation/DataHandler.class
[WARNING] javax.xml.bind.DatatypeConverter scanned from multiple locations: jar:file:///C:/Users/AMANY/.m2/repository/jakarta/xml/bind/jakarta.xml.bind-api/2.3.3/jakarta.xml.bind-api-2.3.3.jar!/javax/xml/bind/DatatypeConverter.class, jar:file:///C:/Users/AMANY/.m2/repository/javax/xml/bind/jaxb-api/2.3.1/jaxb-api-2.3.1.jar!/javax/xml/bind/DatatypeConverter.class
[WARNING] javax.activation.DataHandlerDataSource scanned from multiple locations: jar:file:///C:/Users/AMANY/.m2/repository/javax/activation/javax.activation-api/1.2.0/javax.activation-api-1.2.0.jar!/javax/activation/DataHandlerDataSource.class, jar:file:///C:/Users/AMANY/.m2/repository/com/sun/activation/jakarta.activation/1.2.2/jakarta.activation-1.2.2.jar!/javax/activation/DataHandlerDataSource.class
[WARNING] javax.xml.bind.DatatypeConverterImpl$CalendarFormatter scanned from multiple locations: jar:file:///C:/Users/AMANY/.m2/repository/jakarta/xml/bind/jakarta.xml.bind-api/2.3.3/jakarta.xml.bind-api-2.3.3.jar!/javax/xml/bind/DatatypeConverterImpl$CalendarFormatter.class, jar:file:///C:/Users/AMANY/.m2/repository/javax/xml/bind/jaxb-api/2.3.1/jaxb-api-2.3.1.jar!/javax/xml/bind/DatatypeConverterImpl$CalendarFormatter.class
[WARNING] javax.activation.DataSource scanned from multiple locations: jar:file:///C:/Users/AMANY/.m2/repository/javax/activation/javax.activation-api/1.2.0/javax.activation-api-1.2.0.jar!/javax/activation/DataSource.class, jar:file:///C:/Users/AMANY/.m2/repository/com/sun/activation/jakarta.activation/1.2.2/jakarta.activation-1.2.2.jar!/javax/activation/DataSource.class
[WARNING] javax.xml.bind.DatatypeConverterImpl scanned from multiple locations: jar:file:///C:/Users/AMANY/.m2/repository/jakarta/xml/bind/jakarta.xml.bind-api/2.3.3/jakarta.xml.bind-api-2.3.3.jar!/javax/xml/bind/DatatypeConverterImpl.class, jar:file:///C:/Users/AMANY/.m2/repository/javax/xml/bind/jaxb-api/2.3.1/jaxb-api-2.3.1.jar!/javax/xml/bind/DatatypeConverterImpl.class
[WARNING] javax.activation.DataSourceDataContentHandler scanned from multiple locations: jar:file:///C:/Users/AMANY/.m2/repository/javax/activation/javax.activation-api/1.2.0/javax.activation-api-1.2.0.jar!/javax/activation/DataSourceDataContentHandler.class, jar:file:///C:/Users/AMANY/.m2/repository/com/sun/activation/jakarta.activation/1.2.2/jakarta.activation-1.2.2.jar!/javax/activation/DataSourceDataContentHandler.class
[WARNING] javax.xml.bind.DatatypeConverterInterface scanned from multiple locations: jar:file:///C:/Users/AMANY/.m2/repository/jakarta/xml/bind/jakarta.xml.bind-api/2.3.3/jakarta.xml.bind-api-2.3.3.jar!/javax/xml/bind/DatatypeConverterInterface.class, jar:file:///C:/Users/AMANY/.m2/repository/javax/xml/bind/jaxb-api/2.3.1/jaxb-api-2.3.1.jar!/javax/xml/bind/DatatypeConverterInterface.class
[WARNING] javax.activation.FileDataSource scanned from multiple locations: jar:file:///C:/Users/AMANY/.m2/repository/javax/activation/javax.activation-api/1.2.0/javax.activation-api-1.2.0.jar!/javax/activation/FileDataSource.class, jar:file:///C:/Users/AMANY/.m2/repository/com/sun/activation/jakarta.activation/1.2.2/jakarta.activation-1.2.2.jar!/javax/activation/FileDataSource.class
[WARNING] javax.xml.bind.Element scanned from multiple locations: jar:file:///C:/Users/AMANY/.m2/repository/jakarta/xml/bind/jakarta.xml.bind-api/2.3.3/jakarta.xml.bind-api-2.3.3.jar!/javax/xml/bind/Element.class, jar:file:///C:/Users/AMANY/.m2/repository/javax/xml/bind/jaxb-api/2.3.1/jaxb-api-2.3.1.jar!/javax/xml/bind/Element.class
[WARNING] javax.activation.FileTypeMap scanned from multiple locations: jar:file:///C:/Users/AMANY/.m2/repository/javax/activation/javax.activation-api/1.2.0/javax.activation-api-1.2.0.jar!/javax/activation/FileTypeMap.class, jar:file:///C:/Users/AMANY/.m2/repository/com/sun/activation/jakarta.activation/1.2.2/jakarta.activation-1.2.2.jar!/javax/activation/FileTypeMap.class
[WARNING] javax.xml.bind.GetPropertyAction scanned from multiple locations: jar:file:///C:/Users/AMANY/.m2/repository/jakarta/xml/bind/jakarta.xml.bind-api/2.3.3/jakarta.xml.bind-api-2.3.3.jar!/javax/xml/bind/GetPropertyAction.class, jar:file:///C:/Users/AMANY/.m2/repository/javax/xml/bind/jaxb-api/2.3.1/jaxb-api-2.3.1.jar!/javax/xml/bind/GetPropertyAction.class
[WARNING] javax.activation.MailcapCommandMap$1 scanned from multiple locations: jar:file:///C:/Users/AMANY/.m2/repository/javax/activation/javax.activation-api/1.2.0/javax.activation-api-1.2.0.jar!/javax/activation/MailcapCommandMap$1.class, jar:file:///C:/Users/AMANY/.m2/repository/com/sun/activation/jakarta.activation/1.2.2/jakarta.activation-1.2.2.jar!/javax/activation/MailcapCommandMap$1.class
[WARNING] javax.xml.bind.JAXB$Cache scanned from multiple locations: jar:file:///C:/Users/AMANY/.m2/repository/jakarta/xml/bind/jakarta.xml.bind-api/2.3.3/jakarta.xml.bind-api-2.3.3.jar!/javax/xml/bind/JAXB$Cache.class, jar:file:///C:/Users/AMANY/.m2/repository/javax/xml/bind/jaxb-api/2.3.1/jaxb-api-2.3.1.jar!/javax/xml/bind/JAXB$Cache.class
[WARNING] javax.activation.MailcapCommandMap scanned from multiple locations: jar:file:///C:/Users/AMANY/.m2/repository/javax/activation/javax.activation-api/1.2.0/javax.activation-api-1.2.0.jar!/javax/activation/MailcapCommandMap.class, jar:file:///C:/Users/AMANY/.m2/repository/com/sun/activation/jakarta.activation/1.2.2/jakarta.activation-1.2.2.jar!/javax/activation/MailcapCommandMap.class
[WARNING] javax.xml.bind.JAXB scanned from multiple locations: jar:file:///C:/Users/AMANY/.m2/repository/jakarta/xml/bind/jakarta.xml.bind-api/2.3.3/jakarta.xml.bind-api-2.3.3.jar!/javax/xml/bind/JAXB.class, jar:file:///C:/Users/AMANY/.m2/repository/javax/xml/bind/jaxb-api/2.3.1/jaxb-api-2.3.1.jar!/javax/xml/bind/JAXB.class
[WARNING] javax.activation.MimeType scanned from multiple locations: jar:file:///C:/Users/AMANY/.m2/repository/javax/activation/javax.activation-api/1.2.0/javax.activation-api-1.2.0.jar!/javax/activation/MimeType.class, jar:file:///C:/Users/AMANY/.m2/repository/com/sun/activation/jakarta.activation/1.2.2/jakarta.activation-1.2.2.jar!/javax/activation/MimeType.class
[WARNING] javax.xml.bind.JAXBContext$1 scanned from multiple locations: jar:file:///C:/Users/AMANY/.m2/repository/jakarta/xml/bind/jakarta.xml.bind-api/2.3.3/jakarta.xml.bind-api-2.3.3.jar!/javax/xml/bind/JAXBContext$1.class, jar:file:///C:/Users/AMANY/.m2/repository/javax/xml/bind/jaxb-api/2.3.1/jaxb-api-2.3.1.jar!/javax/xml/bind/JAXBContext$1.class
[WARNING] javax.activation.MimeTypeParameterList scanned from multiple locations: jar:file:///C:/Users/AMANY/.m2/repository/javax/activation/javax.activation-api/1.2.0/javax.activation-api-1.2.0.jar!/javax/activation/MimeTypeParameterList.class, jar:file:///C:/Users/AMANY/.m2/repository/com/sun/activation/jakarta.activation/1.2.2/jakarta.activation-1.2.2.jar!/javax/activation/MimeTypeParameterList.class
[WARNING] javax.xml.bind.JAXBContext scanned from multiple locations: jar:file:///C:/Users/AMANY/.m2/repository/jakarta/xml/bind/jakarta.xml.bind-api/2.3.3/jakarta.xml.bind-api-2.3.3.jar!/javax/xml/bind/JAXBContext.class, jar:file:///C:/Users/AMANY/.m2/repository/javax/xml/bind/jaxb-api/2.3.1/jaxb-api-2.3.1.jar!/javax/xml/bind/JAXBContext.class
[WARNING] javax.activation.MimeTypeParseException scanned from multiple locations: jar:file:///C:/Users/AMANY/.m2/repository/javax/activation/javax.activation-api/1.2.0/javax.activation-api-1.2.0.jar!/javax/activation/MimeTypeParseException.class, jar:file:///C:/Users/AMANY/.m2/repository/com/sun/activation/jakarta.activation/1.2.2/jakarta.activation-1.2.2.jar!/javax/activation/MimeTypeParseException.class
[WARNING] javax.xml.bind.JAXBContextFactory scanned from multiple locations: jar:file:///C:/Users/AMANY/.m2/repository/jakarta/xml/bind/jakarta.xml.bind-api/2.3.3/jakarta.xml.bind-api-2.3.3.jar!/javax/xml/bind/JAXBContextFactory.class, jar:file:///C:/Users/AMANY/.m2/repository/javax/xml/bind/jaxb-api/2.3.1/jaxb-api-2.3.1.jar!/javax/xml/bind/JAXBContextFactory.class
[WARNING] javax.activation.MimetypesFileTypeMap$1 scanned from multiple locations: jar:file:///C:/Users/AMANY/.m2/repository/javax/activation/javax.activation-api/1.2.0/javax.activation-api-1.2.0.jar!/javax/activation/MimetypesFileTypeMap$1.class, jar:file:///C:/Users/AMANY/.m2/repository/com/sun/activation/jakarta.activation/1.2.2/jakarta.activation-1.2.2.jar!/javax/activation/MimetypesFileTypeMap$1.class
[WARNING] javax.xml.bind.JAXBElement$GlobalScope scanned from multiple locations: jar:file:///C:/Users/AMANY/.m2/repository/jakarta/xml/bind/jakarta.xml.bind-api/2.3.3/jakarta.xml.bind-api-2.3.3.jar!/javax/xml/bind/JAXBElement$GlobalScope.class, jar:file:///C:/Users/AMANY/.m2/repository/javax/xml/bind/jaxb-api/2.3.1/jaxb-api-2.3.1.jar!/javax/xml/bind/JAXBElement$GlobalScope.class
[WARNING] javax.activation.MimetypesFileTypeMap scanned from multiple locations: jar:file:///C:/Users/AMANY/.m2/repository/javax/activation/javax.activation-api/1.2.0/javax.activation-api-1.2.0.jar!/javax/activation/MimetypesFileTypeMap.class, jar:file:///C:/Users/AMANY/.m2/repository/com/sun/activation/jakarta.activation/1.2.2/jakarta.activation-1.2.2.jar!/javax/activation/MimetypesFileTypeMap.class
[WARNING] javax.xml.bind.JAXBElement scanned from multiple locations: jar:file:///C:/Users/AMANY/.m2/repository/jakarta/xml/bind/jakarta.xml.bind-api/2.3.3/jakarta.xml.bind-api-2.3.3.jar!/javax/xml/bind/JAXBElement.class, jar:file:///C:/Users/AMANY/.m2/repository/javax/xml/bind/jaxb-api/2.3.1/jaxb-api-2.3.1.jar!/javax/xml/bind/JAXBElement.class
[WARNING] javax.activation.ObjectDataContentHandler scanned from multiple locations: jar:file:///C:/Users/AMANY/.m2/repository/javax/activation/javax.activation-api/1.2.0/javax.activation-api-1.2.0.jar!/javax/activation/ObjectDataContentHandler.class, jar:file:///C:/Users/AMANY/.m2/repository/com/sun/activation/jakarta.activation/1.2.2/jakarta.activation-1.2.2.jar!/javax/activation/ObjectDataContentHandler.class
[WARNING] javax.xml.bind.JAXBException scanned from multiple locations: jar:file:///C:/Users/AMANY/.m2/repository/jakarta/xml/bind/jakarta.xml.bind-api/2.3.3/jakarta.xml.bind-api-2.3.3.jar!/javax/xml/bind/JAXBException.class, jar:file:///C:/Users/AMANY/.m2/repository/javax/xml/bind/jaxb-api/2.3.1/jaxb-api-2.3.1.jar!/javax/xml/bind/JAXBException.class
[WARNING] javax.activation.SecuritySupport$1 scanned from multiple locations: jar:file:///C:/Users/AMANY/.m2/repository/javax/activation/javax.activation-api/1.2.0/javax.activation-api-1.2.0.jar!/javax/activation/SecuritySupport$1.class, jar:file:///C:/Users/AMANY/.m2/repository/com/sun/activation/jakarta.activation/1.2.2/jakarta.activation-1.2.2.jar!/javax/activation/SecuritySupport$1.class
[WARNING] javax.xml.bind.JAXBIntrospector scanned from multiple locations: jar:file:///C:/Users/AMANY/.m2/repository/jakarta/xml/bind/jakarta.xml.bind-api/2.3.3/jakarta.xml.bind-api-2.3.3.jar!/javax/xml/bind/JAXBIntrospector.class, jar:file:///C:/Users/AMANY/.m2/repository/javax/xml/bind/jaxb-api/2.3.1/jaxb-api-2.3.1.jar!/javax/xml/bind/JAXBIntrospector.class
[WARNING] javax.activation.SecuritySupport$2 scanned from multiple locations: jar:file:///C:/Users/AMANY/.m2/repository/javax/activation/javax.activation-api/1.2.0/javax.activation-api-1.2.0.jar!/javax/activation/SecuritySupport$2.class, jar:file:///C:/Users/AMANY/.m2/repository/com/sun/activation/jakarta.activation/1.2.2/jakarta.activation-1.2.2.jar!/javax/activation/SecuritySupport$2.class
[WARNING] javax.xml.bind.JAXBPermission scanned from multiple locations: jar:file:///C:/Users/AMANY/.m2/repository/jakarta/xml/bind/jakarta.xml.bind-api/2.3.3/jakarta.xml.bind-api-2.3.3.jar!/javax/xml/bind/JAXBPermission.class, jar:file:///C:/Users/AMANY/.m2/repository/javax/xml/bind/jaxb-api/2.3.1/jaxb-api-2.3.1.jar!/javax/xml/bind/JAXBPermission.class
[WARNING] javax.activation.SecuritySupport$3 scanned from multiple locations: jar:file:///C:/Users/AMANY/.m2/repository/javax/activation/javax.activation-api/1.2.0/javax.activation-api-1.2.0.jar!/javax/activation/SecuritySupport$3.class, jar:file:///C:/Users/AMANY/.m2/repository/com/sun/activation/jakarta.activation/1.2.2/jakarta.activation-1.2.2.jar!/javax/activation/SecuritySupport$3.class
[WARNING] javax.xml.bind.MarshalException scanned from multiple locations: jar:file:///C:/Users/AMANY/.m2/repository/jakarta/xml/bind/jakarta.xml.bind-api/2.3.3/jakarta.xml.bind-api-2.3.3.jar!/javax/xml/bind/MarshalException.class, jar:file:///C:/Users/AMANY/.m2/repository/javax/xml/bind/jaxb-api/2.3.1/jaxb-api-2.3.1.jar!/javax/xml/bind/MarshalException.class
[WARNING] javax.activation.SecuritySupport$4 scanned from multiple locations: jar:file:///C:/Users/AMANY/.m2/repository/javax/activation/javax.activation-api/1.2.0/javax.activation-api-1.2.0.jar!/javax/activation/SecuritySupport$4.class, jar:file:///C:/Users/AMANY/.m2/repository/com/sun/activation/jakarta.activation/1.2.2/jakarta.activation-1.2.2.jar!/javax/activation/SecuritySupport$4.class
[WARNING] javax.xml.bind.Marshaller$Listener scanned from multiple locations: jar:file:///C:/Users/AMANY/.m2/repository/jakarta/xml/bind/jakarta.xml.bind-api/2.3.3/jakarta.xml.bind-api-2.3.3.jar!/javax/xml/bind/Marshaller$Listener.class, jar:file:///C:/Users/AMANY/.m2/repository/javax/xml/bind/jaxb-api/2.3.1/jaxb-api-2.3.1.jar!/javax/xml/bind/Marshaller$Listener.class
[WARNING] javax.activation.SecuritySupport$5 scanned from multiple locations: jar:file:///C:/Users/AMANY/.m2/repository/javax/activation/javax.activation-api/1.2.0/javax.activation-api-1.2.0.jar!/javax/activation/SecuritySupport$5.class, jar:file:///C:/Users/AMANY/.m2/repository/com/sun/activation/jakarta.activation/1.2.2/jakarta.activation-1.2.2.jar!/javax/activation/SecuritySupport$5.class
[WARNING] javax.xml.bind.Marshaller scanned from multiple locations: jar:file:///C:/Users/AMANY/.m2/repository/jakarta/xml/bind/jakarta.xml.bind-api/2.3.3/jakarta.xml.bind-api-2.3.3.jar!/javax/xml/bind/Marshaller.class, jar:file:///C:/Users/AMANY/.m2/repository/javax/xml/bind/jaxb-api/2.3.1/jaxb-api-2.3.1.jar!/javax/xml/bind/Marshaller.class
[WARNING] javax.activation.SecuritySupport scanned from multiple locations: jar:file:///C:/Users/AMANY/.m2/repository/javax/activation/javax.activation-api/1.2.0/javax.activation-api-1.2.0.jar!/javax/activation/SecuritySupport.class, jar:file:///C:/Users/AMANY/.m2/repository/com/sun/activation/jakarta.activation/1.2.2/jakarta.activation-1.2.2.jar!/javax/activation/SecuritySupport.class
[WARNING] javax.xml.bind.Messages scanned from multiple locations: jar:file:///C:/Users/AMANY/.m2/repository/jakarta/xml/bind/jakarta.xml.bind-api/2.3.3/jakarta.xml.bind-api-2.3.3.jar!/javax/xml/bind/Messages.class, jar:file:///C:/Users/AMANY/.m2/repository/javax/xml/bind/jaxb-api/2.3.1/jaxb-api-2.3.1.jar!/javax/xml/bind/Messages.class
[WARNING] javax.activation.URLDataSource scanned from multiple locations: jar:file:///C:/Users/AMANY/.m2/repository/javax/activation/javax.activation-api/1.2.0/javax.activation-api-1.2.0.jar!/javax/activation/URLDataSource.class, jar:file:///C:/Users/AMANY/.m2/repository/com/sun/activation/jakarta.activation/1.2.2/jakarta.activation-1.2.2.jar!/javax/activation/URLDataSource.class
[WARNING] javax.xml.bind.ModuleUtil scanned from multiple locations: jar:file:///C:/Users/AMANY/.m2/repository/jakarta/xml/bind/jakarta.xml.bind-api/2.3.3/jakarta.xml.bind-api-2.3.3.jar!/javax/xml/bind/ModuleUtil.class, jar:file:///C:/Users/AMANY/.m2/repository/javax/xml/bind/jaxb-api/2.3.1/jaxb-api-2.3.1.jar!/javax/xml/bind/ModuleUtil.class
[WARNING] javax.activation.UnsupportedDataTypeException scanned from multiple locations: jar:file:///C:/Users/AMANY/.m2/repository/javax/activation/javax.activation-api/1.2.0/javax.activation-api-1.2.0.jar!/javax/activation/UnsupportedDataTypeException.class, jar:file:///C:/Users/AMANY/.m2/repository/com/sun/activation/jakarta.activation/1.2.2/jakarta.activation-1.2.2.jar!/javax/activation/UnsupportedDataTypeException.class
[WARNING] javax.xml.bind.NotIdentifiableEvent scanned from multiple locations: jar:file:///C:/Users/AMANY/.m2/repository/jakarta/xml/bind/jakarta.xml.bind-api/2.3.3/jakarta.xml.bind-api-2.3.3.jar!/javax/xml/bind/NotIdentifiableEvent.class, jar:file:///C:/Users/AMANY/.m2/repository/javax/xml/bind/jaxb-api/2.3.1/jaxb-api-2.3.1.jar!/javax/xml/bind/NotIdentifiableEvent.class
[WARNING] javax.xml.bind.ParseConversionEvent scanned from multiple locations: jar:file:///C:/Users/AMANY/.m2/repository/jakarta/xml/bind/jakarta.xml.bind-api/2.3.3/jakarta.xml.bind-api-2.3.3.jar!/javax/xml/bind/ParseConversionEvent.class, jar:file:///C:/Users/AMANY/.m2/repository/javax/xml/bind/jaxb-api/2.3.1/jaxb-api-2.3.1.jar!/javax/xml/bind/ParseConversionEvent.class
[WARNING] javax.xml.bind.PrintConversionEvent scanned from multiple locations: jar:file:///C:/Users/AMANY/.m2/repository/jakarta/xml/bind/jakarta.xml.bind-api/2.3.3/jakarta.xml.bind-api-2.3.3.jar!/javax/xml/bind/PrintConversionEvent.class, jar:file:///C:/Users/AMANY/.m2/repository/javax/xml/bind/jaxb-api/2.3.1/jaxb-api-2.3.1.jar!/javax/xml/bind/PrintConversionEvent.class
[WARNING] javax.xml.bind.PropertyException scanned from multiple locations: jar:file:///C:/Users/AMANY/.m2/repository/jakarta/xml/bind/jakarta.xml.bind-api/2.3.3/jakarta.xml.bind-api-2.3.3.jar!/javax/xml/bind/PropertyException.class, jar:file:///C:/Users/AMANY/.m2/repository/javax/xml/bind/jaxb-api/2.3.1/jaxb-api-2.3.1.jar!/javax/xml/bind/PropertyException.class
[WARNING] javax.xml.bind.SchemaOutputResolver scanned from multiple locations: jar:file:///C:/Users/AMANY/.m2/repository/jakarta/xml/bind/jakarta.xml.bind-api/2.3.3/jakarta.xml.bind-api-2.3.3.jar!/javax/xml/bind/SchemaOutputResolver.class, jar:file:///C:/Users/AMANY/.m2/repository/javax/xml/bind/jaxb-api/2.3.1/jaxb-api-2.3.1.jar!/javax/xml/bind/SchemaOutputResolver.class
[WARNING] javax.xml.bind.ServiceLoaderUtil$ExceptionHandler scanned from multiple locations: jar:file:///C:/Users/AMANY/.m2/repository/jakarta/xml/bind/jakarta.xml.bind-api/2.3.3/jakarta.xml.bind-api-2.3.3.jar!/javax/xml/bind/ServiceLoaderUtil$ExceptionHandler.class, jar:file:///C:/Users/AMANY/.m2/repository/javax/xml/bind/jaxb-api/2.3.1/jaxb-api-2.3.1.jar!/javax/xml/bind/ServiceLoaderUtil$ExceptionHandler.class
[WARNING] javax.xml.bind.ServiceLoaderUtil scanned from multiple locations: jar:file:///C:/Users/AMANY/.m2/repository/jakarta/xml/bind/jakarta.xml.bind-api/2.3.3/jakarta.xml.bind-api-2.3.3.jar!/javax/xml/bind/ServiceLoaderUtil.class, jar:file:///C:/Users/AMANY/.m2/repository/javax/xml/bind/jaxb-api/2.3.1/jaxb-api-2.3.1.jar!/javax/xml/bind/ServiceLoaderUtil.class
[WARNING] javax.xml.bind.TypeConstraintException scanned from multiple locations: jar:file:///C:/Users/AMANY/.m2/repository/jakarta/xml/bind/jakarta.xml.bind-api/2.3.3/jakarta.xml.bind-api-2.3.3.jar!/javax/xml/bind/TypeConstraintException.class, jar:file:///C:/Users/AMANY/.m2/repository/javax/xml/bind/jaxb-api/2.3.1/jaxb-api-2.3.1.jar!/javax/xml/bind/TypeConstraintException.class
[WARNING] javax.xml.bind.UnmarshalException scanned from multiple locations: jar:file:///C:/Users/AMANY/.m2/repository/jakarta/xml/bind/jakarta.xml.bind-api/2.3.3/jakarta.xml.bind-api-2.3.3.jar!/javax/xml/bind/UnmarshalException.class, jar:file:///C:/Users/AMANY/.m2/repository/javax/xml/bind/jaxb-api/2.3.1/jaxb-api-2.3.1.jar!/javax/xml/bind/UnmarshalException.class
[WARNING] javax.xml.bind.Unmarshaller$Listener scanned from multiple locations: jar:file:///C:/Users/AMANY/.m2/repository/jakarta/xml/bind/jakarta.xml.bind-api/2.3.3/jakarta.xml.bind-api-2.3.3.jar!/javax/xml/bind/Unmarshaller$Listener.class, jar:file:///C:/Users/AMANY/.m2/repository/javax/xml/bind/jaxb-api/2.3.1/jaxb-api-2.3.1.jar!/javax/xml/bind/Unmarshaller$Listener.class
[WARNING] javax.xml.bind.Unmarshaller scanned from multiple locations: jar:file:///C:/Users/AMANY/.m2/repository/jakarta/xml/bind/jakarta.xml.bind-api/2.3.3/jakarta.xml.bind-api-2.3.3.jar!/javax/xml/bind/Unmarshaller.class, jar:file:///C:/Users/AMANY/.m2/repository/javax/xml/bind/jaxb-api/2.3.1/jaxb-api-2.3.1.jar!/javax/xml/bind/Unmarshaller.class
[WARNING] javax.xml.bind.UnmarshallerHandler scanned from multiple locations: jar:file:///C:/Users/AMANY/.m2/repository/jakarta/xml/bind/jakarta.xml.bind-api/2.3.3/jakarta.xml.bind-api-2.3.3.jar!/javax/xml/bind/UnmarshallerHandler.class, jar:file:///C:/Users/AMANY/.m2/repository/javax/xml/bind/jaxb-api/2.3.1/jaxb-api-2.3.1.jar!/javax/xml/bind/UnmarshallerHandler.class
[WARNING] javax.xml.bind.ValidationEvent scanned from multiple locations: jar:file:///C:/Users/AMANY/.m2/repository/jakarta/xml/bind/jakarta.xml.bind-api/2.3.3/jakarta.xml.bind-api-2.3.3.jar!/javax/xml/bind/ValidationEvent.class, jar:file:///C:/Users/AMANY/.m2/repository/javax/xml/bind/jaxb-api/2.3.1/jaxb-api-2.3.1.jar!/javax/xml/bind/ValidationEvent.class
[WARNING] javax.xml.bind.ValidationEventHandler scanned from multiple locations: jar:file:///C:/Users/AMANY/.m2/repository/jakarta/xml/bind/jakarta.xml.bind-api/2.3.3/jakarta.xml.bind-api-2.3.3.jar!/javax/xml/bind/ValidationEventHandler.class, jar:file:///C:/Users/AMANY/.m2/repository/javax/xml/bind/jaxb-api/2.3.1/jaxb-api-2.3.1.jar!/javax/xml/bind/ValidationEventHandler.class
[WARNING] javax.xml.bind.ValidationEventLocator scanned from multiple locations: jar:file:///C:/Users/AMANY/.m2/repository/jakarta/xml/bind/jakarta.xml.bind-api/2.3.3/jakarta.xml.bind-api-2.3.3.jar!/javax/xml/bind/ValidationEventLocator.class, jar:file:///C:/Users/AMANY/.m2/repository/javax/xml/bind/jaxb-api/2.3.1/jaxb-api-2.3.1.jar!/javax/xml/bind/ValidationEventLocator.class
[WARNING] javax.xml.bind.ValidationException scanned from multiple locations: jar:file:///C:/Users/AMANY/.m2/repository/jakarta/xml/bind/jakarta.xml.bind-api/2.3.3/jakarta.xml.bind-api-2.3.3.jar!/javax/xml/bind/ValidationException.class, jar:file:///C:/Users/AMANY/.m2/repository/javax/xml/bind/jaxb-api/2.3.1/jaxb-api-2.3.1.jar!/javax/xml/bind/ValidationException.class
[WARNING] javax.xml.bind.Validator scanned from multiple locations: jar:file:///C:/Users/AMANY/.m2/repository/jakarta/xml/bind/jakarta.xml.bind-api/2.3.3/jakarta.xml.bind-api-2.3.3.jar!/javax/xml/bind/Validator.class, jar:file:///C:/Users/AMANY/.m2/repository/javax/xml/bind/jaxb-api/2.3.1/jaxb-api-2.3.1.jar!/javax/xml/bind/Validator.class
[WARNING] javax.xml.bind.WhiteSpaceProcessor scanned from multiple locations: jar:file:///C:/Users/AMANY/.m2/repository/jakarta/xml/bind/jakarta.xml.bind-api/2.3.3/jakarta.xml.bind-api-2.3.3.jar!/javax/xml/bind/WhiteSpaceProcessor.class, jar:file:///C:/Users/AMANY/.m2/repository/javax/xml/bind/jaxb-api/2.3.1/jaxb-api-2.3.1.jar!/javax/xml/bind/WhiteSpaceProcessor.class
[WARNING] javax.xml.bind.annotation.DomHandler scanned from multiple locations: jar:file:///C:/Users/AMANY/.m2/repository/jakarta/xml/bind/jakarta.xml.bind-api/2.3.3/jakarta.xml.bind-api-2.3.3.jar!/javax/xml/bind/annotation/DomHandler.class, jar:file:///C:/Users/AMANY/.m2/repository/javax/xml/bind/jaxb-api/2.3.1/jaxb-api-2.3.1.jar!/javax/xml/bind/annotation/DomHandler.class
[WARNING] javax.xml.bind.annotation.W3CDomHandler scanned from multiple locations: jar:file:///C:/Users/AMANY/.m2/repository/jakarta/xml/bind/jakarta.xml.bind-api/2.3.3/jakarta.xml.bind-api-2.3.3.jar!/javax/xml/bind/annotation/W3CDomHandler.class, jar:file:///C:/Users/AMANY/.m2/repository/javax/xml/bind/jaxb-api/2.3.1/jaxb-api-2.3.1.jar!/javax/xml/bind/annotation/W3CDomHandler.class
[WARNING] javax.xml.bind.annotation.XmlAccessOrder scanned from multiple locations: jar:file:///C:/Users/AMANY/.m2/repository/jakarta/xml/bind/jakarta.xml.bind-api/2.3.3/jakarta.xml.bind-api-2.3.3.jar!/javax/xml/bind/annotation/XmlAccessOrder.class, jar:file:///C:/Users/AMANY/.m2/repository/javax/xml/bind/jaxb-api/2.3.1/jaxb-api-2.3.1.jar!/javax/xml/bind/annotation/XmlAccessOrder.class
[WARNING] javax.xml.bind.annotation.XmlAccessType scanned from multiple locations: jar:file:///C:/Users/AMANY/.m2/repository/jakarta/xml/bind/jakarta.xml.bind-api/2.3.3/jakarta.xml.bind-api-2.3.3.jar!/javax/xml/bind/annotation/XmlAccessType.class, jar:file:///C:/Users/AMANY/.m2/repository/javax/xml/bind/jaxb-api/2.3.1/jaxb-api-2.3.1.jar!/javax/xml/bind/annotation/XmlAccessType.class
[WARNING] javax.xml.bind.annotation.XmlAccessorOrder scanned from multiple locations: jar:file:///C:/Users/AMANY/.m2/repository/jakarta/xml/bind/jakarta.xml.bind-api/2.3.3/jakarta.xml.bind-api-2.3.3.jar!/javax/xml/bind/annotation/XmlAccessorOrder.class, jar:file:///C:/Users/AMANY/.m2/repository/javax/xml/bind/jaxb-api/2.3.1/jaxb-api-2.3.1.jar!/javax/xml/bind/annotation/XmlAccessorOrder.class
[WARNING] javax.xml.bind.annotation.XmlAccessorType scanned from multiple locations: jar:file:///C:/Users/AMANY/.m2/repository/jakarta/xml/bind/jakarta.xml.bind-api/2.3.3/jakarta.xml.bind-api-2.3.3.jar!/javax/xml/bind/annotation/XmlAccessorType.class, jar:file:///C:/Users/AMANY/.m2/repository/javax/xml/bind/jaxb-api/2.3.1/jaxb-api-2.3.1.jar!/javax/xml/bind/annotation/XmlAccessorType.class
[WARNING] javax.xml.bind.annotation.XmlAnyAttribute scanned from multiple locations: jar:file:///C:/Users/AMANY/.m2/repository/jakarta/xml/bind/jakarta.xml.bind-api/2.3.3/jakarta.xml.bind-api-2.3.3.jar!/javax/xml/bind/annotation/XmlAnyAttribute.class, jar:file:///C:/Users/AMANY/.m2/repository/javax/xml/bind/jaxb-api/2.3.1/jaxb-api-2.3.1.jar!/javax/xml/bind/annotation/XmlAnyAttribute.class
[WARNING] javax.xml.bind.annotation.XmlAnyElement scanned from multiple locations: jar:file:///C:/Users/AMANY/.m2/repository/jakarta/xml/bind/jakarta.xml.bind-api/2.3.3/jakarta.xml.bind-api-2.3.3.jar!/javax/xml/bind/annotation/XmlAnyElement.class, jar:file:///C:/Users/AMANY/.m2/repository/javax/xml/bind/jaxb-api/2.3.1/jaxb-api-2.3.1.jar!/javax/xml/bind/annotation/XmlAnyElement.class
[WARNING] javax.xml.bind.annotation.XmlAttachmentRef scanned from multiple locations: jar:file:///C:/Users/AMANY/.m2/repository/jakarta/xml/bind/jakarta.xml.bind-api/2.3.3/jakarta.xml.bind-api-2.3.3.jar!/javax/xml/bind/annotation/XmlAttachmentRef.class, jar:file:///C:/Users/AMANY/.m2/repository/javax/xml/bind/jaxb-api/2.3.1/jaxb-api-2.3.1.jar!/javax/xml/bind/annotation/XmlAttachmentRef.class
[WARNING] javax.xml.bind.annotation.XmlAttribute scanned from multiple locations: jar:file:///C:/Users/AMANY/.m2/repository/jakarta/xml/bind/jakarta.xml.bind-api/2.3.3/jakarta.xml.bind-api-2.3.3.jar!/javax/xml/bind/annotation/XmlAttribute.class, jar:file:///C:/Users/AMANY/.m2/repository/javax/xml/bind/jaxb-api/2.3.1/jaxb-api-2.3.1.jar!/javax/xml/bind/annotation/XmlAttribute.class
[WARNING] javax.xml.bind.annotation.XmlElement$DEFAULT scanned from multiple locations: jar:file:///C:/Users/AMANY/.m2/repository/jakarta/xml/bind/jakarta.xml.bind-api/2.3.3/jakarta.xml.bind-api-2.3.3.jar!/javax/xml/bind/annotation/XmlElement$DEFAULT.class, jar:file:///C:/Users/AMANY/.m2/repository/javax/xml/bind/jaxb-api/2.3.1/jaxb-api-2.3.1.jar!/javax/xml/bind/annotation/XmlElement$DEFAULT.class
[WARNING] javax.xml.bind.annotation.XmlElement scanned from multiple locations: jar:file:///C:/Users/AMANY/.m2/repository/jakarta/xml/bind/jakarta.xml.bind-api/2.3.3/jakarta.xml.bind-api-2.3.3.jar!/javax/xml/bind/annotation/XmlElement.class, jar:file:///C:/Users/AMANY/.m2/repository/javax/xml/bind/jaxb-api/2.3.1/jaxb-api-2.3.1.jar!/javax/xml/bind/annotation/XmlElement.class
[WARNING] javax.xml.bind.annotation.XmlElementDecl$GLOBAL scanned from multiple locations: jar:file:///C:/Users/AMANY/.m2/repository/jakarta/xml/bind/jakarta.xml.bind-api/2.3.3/jakarta.xml.bind-api-2.3.3.jar!/javax/xml/bind/annotation/XmlElementDecl$GLOBAL.class, jar:file:///C:/Users/AMANY/.m2/repository/javax/xml/bind/jaxb-api/2.3.1/jaxb-api-2.3.1.jar!/javax/xml/bind/annotation/XmlElementDecl$GLOBAL.class
[WARNING] javax.xml.bind.annotation.XmlElementDecl scanned from multiple locations: jar:file:///C:/Users/AMANY/.m2/repository/jakarta/xml/bind/jakarta.xml.bind-api/2.3.3/jakarta.xml.bind-api-2.3.3.jar!/javax/xml/bind/annotation/XmlElementDecl.class, jar:file:///C:/Users/AMANY/.m2/repository/javax/xml/bind/jaxb-api/2.3.1/jaxb-api-2.3.1.jar!/javax/xml/bind/annotation/XmlElementDecl.class
[WARNING] javax.xml.bind.annotation.XmlElementRef$DEFAULT scanned from multiple locations: jar:file:///C:/Users/AMANY/.m2/repository/jakarta/xml/bind/jakarta.xml.bind-api/2.3.3/jakarta.xml.bind-api-2.3.3.jar!/javax/xml/bind/annotation/XmlElementRef$DEFAULT.class, jar:file:///C:/Users/AMANY/.m2/repository/javax/xml/bind/jaxb-api/2.3.1/jaxb-api-2.3.1.jar!/javax/xml/bind/annotation/XmlElementRef$DEFAULT.class
[WARNING] javax.xml.bind.annotation.XmlElementRef scanned from multiple locations: jar:file:///C:/Users/AMANY/.m2/repository/jakarta/xml/bind/jakarta.xml.bind-api/2.3.3/jakarta.xml.bind-api-2.3.3.jar!/javax/xml/bind/annotation/XmlElementRef.class, jar:file:///C:/Users/AMANY/.m2/repository/javax/xml/bind/jaxb-api/2.3.1/jaxb-api-2.3.1.jar!/javax/xml/bind/annotation/XmlElementRef.class
[WARNING] javax.xml.bind.annotation.XmlElementRefs scanned from multiple locations: jar:file:///C:/Users/AMANY/.m2/repository/jakarta/xml/bind/jakarta.xml.bind-api/2.3.3/jakarta.xml.bind-api-2.3.3.jar!/javax/xml/bind/annotation/XmlElementRefs.class, jar:file:///C:/Users/AMANY/.m2/repository/javax/xml/bind/jaxb-api/2.3.1/jaxb-api-2.3.1.jar!/javax/xml/bind/annotation/XmlElementRefs.class
[WARNING] javax.xml.bind.annotation.XmlElementWrapper scanned from multiple locations: jar:file:///C:/Users/AMANY/.m2/repository/jakarta/xml/bind/jakarta.xml.bind-api/2.3.3/jakarta.xml.bind-api-2.3.3.jar!/javax/xml/bind/annotation/XmlElementWrapper.class, jar:file:///C:/Users/AMANY/.m2/repository/javax/xml/bind/jaxb-api/2.3.1/jaxb-api-2.3.1.jar!/javax/xml/bind/annotation/XmlElementWrapper.class
[WARNING] javax.xml.bind.annotation.XmlElements scanned from multiple locations: jar:file:///C:/Users/AMANY/.m2/repository/jakarta/xml/bind/jakarta.xml.bind-api/2.3.3/jakarta.xml.bind-api-2.3.3.jar!/javax/xml/bind/annotation/XmlElements.class, jar:file:///C:/Users/AMANY/.m2/repository/javax/xml/bind/jaxb-api/2.3.1/jaxb-api-2.3.1.jar!/javax/xml/bind/annotation/XmlElements.class
[WARNING] javax.xml.bind.annotation.XmlEnum scanned from multiple locations: jar:file:///C:/Users/AMANY/.m2/repository/jakarta/xml/bind/jakarta.xml.bind-api/2.3.3/jakarta.xml.bind-api-2.3.3.jar!/javax/xml/bind/annotation/XmlEnum.class, jar:file:///C:/Users/AMANY/.m2/repository/javax/xml/bind/jaxb-api/2.3.1/jaxb-api-2.3.1.jar!/javax/xml/bind/annotation/XmlEnum.class
[WARNING] javax.xml.bind.annotation.XmlEnumValue scanned from multiple locations: jar:file:///C:/Users/AMANY/.m2/repository/jakarta/xml/bind/jakarta.xml.bind-api/2.3.3/jakarta.xml.bind-api-2.3.3.jar!/javax/xml/bind/annotation/XmlEnumValue.class, jar:file:///C:/Users/AMANY/.m2/repository/javax/xml/bind/jaxb-api/2.3.1/jaxb-api-2.3.1.jar!/javax/xml/bind/annotation/XmlEnumValue.class
[WARNING] javax.xml.bind.annotation.XmlID scanned from multiple locations: jar:file:///C:/Users/AMANY/.m2/repository/jakarta/xml/bind/jakarta.xml.bind-api/2.3.3/jakarta.xml.bind-api-2.3.3.jar!/javax/xml/bind/annotation/XmlID.class, jar:file:///C:/Users/AMANY/.m2/repository/javax/xml/bind/jaxb-api/2.3.1/jaxb-api-2.3.1.jar!/javax/xml/bind/annotation/XmlID.class
[WARNING] javax.xml.bind.annotation.XmlIDREF scanned from multiple locations: jar:file:///C:/Users/AMANY/.m2/repository/jakarta/xml/bind/jakarta.xml.bind-api/2.3.3/jakarta.xml.bind-api-2.3.3.jar!/javax/xml/bind/annotation/XmlIDREF.class, jar:file:///C:/Users/AMANY/.m2/repository/javax/xml/bind/jaxb-api/2.3.1/jaxb-api-2.3.1.jar!/javax/xml/bind/annotation/XmlIDREF.class
[WARNING] javax.xml.bind.annotation.XmlInlineBinaryData scanned from multiple locations: jar:file:///C:/Users/AMANY/.m2/repository/jakarta/xml/bind/jakarta.xml.bind-api/2.3.3/jakarta.xml.bind-api-2.3.3.jar!/javax/xml/bind/annotation/XmlInlineBinaryData.class, jar:file:///C:/Users/AMANY/.m2/repository/javax/xml/bind/jaxb-api/2.3.1/jaxb-api-2.3.1.jar!/javax/xml/bind/annotation/XmlInlineBinaryData.class
[WARNING] javax.xml.bind.annotation.XmlList scanned from multiple locations: jar:file:///C:/Users/AMANY/.m2/repository/jakarta/xml/bind/jakarta.xml.bind-api/2.3.3/jakarta.xml.bind-api-2.3.3.jar!/javax/xml/bind/annotation/XmlList.class, jar:file:///C:/Users/AMANY/.m2/repository/javax/xml/bind/jaxb-api/2.3.1/jaxb-api-2.3.1.jar!/javax/xml/bind/annotation/XmlList.class
[WARNING] javax.xml.bind.annotation.XmlMimeType scanned from multiple locations: jar:file:///C:/Users/AMANY/.m2/repository/jakarta/xml/bind/jakarta.xml.bind-api/2.3.3/jakarta.xml.bind-api-2.3.3.jar!/javax/xml/bind/annotation/XmlMimeType.class, jar:file:///C:/Users/AMANY/.m2/repository/javax/xml/bind/jaxb-api/2.3.1/jaxb-api-2.3.1.jar!/javax/xml/bind/annotation/XmlMimeType.class
[WARNING] javax.xml.bind.annotation.XmlMixed scanned from multiple locations: jar:file:///C:/Users/AMANY/.m2/repository/jakarta/xml/bind/jakarta.xml.bind-api/2.3.3/jakarta.xml.bind-api-2.3.3.jar!/javax/xml/bind/annotation/XmlMixed.class, jar:file:///C:/Users/AMANY/.m2/repository/javax/xml/bind/jaxb-api/2.3.1/jaxb-api-2.3.1.jar!/javax/xml/bind/annotation/XmlMixed.class
[WARNING] javax.xml.bind.annotation.XmlNs scanned from multiple locations: jar:file:///C:/Users/AMANY/.m2/repository/jakarta/xml/bind/jakarta.xml.bind-api/2.3.3/jakarta.xml.bind-api-2.3.3.jar!/javax/xml/bind/annotation/XmlNs.class, jar:file:///C:/Users/AMANY/.m2/repository/javax/xml/bind/jaxb-api/2.3.1/jaxb-api-2.3.1.jar!/javax/xml/bind/annotation/XmlNs.class
[WARNING] javax.xml.bind.annotation.XmlNsForm scanned from multiple locations: jar:file:///C:/Users/AMANY/.m2/repository/jakarta/xml/bind/jakarta.xml.bind-api/2.3.3/jakarta.xml.bind-api-2.3.3.jar!/javax/xml/bind/annotation/XmlNsForm.class, jar:file:///C:/Users/AMANY/.m2/repository/javax/xml/bind/jaxb-api/2.3.1/jaxb-api-2.3.1.jar!/javax/xml/bind/annotation/XmlNsForm.class
[WARNING] javax.xml.bind.annotation.XmlRegistry scanned from multiple locations: jar:file:///C:/Users/AMANY/.m2/repository/jakarta/xml/bind/jakarta.xml.bind-api/2.3.3/jakarta.xml.bind-api-2.3.3.jar!/javax/xml/bind/annotation/XmlRegistry.class, jar:file:///C:/Users/AMANY/.m2/repository/javax/xml/bind/jaxb-api/2.3.1/jaxb-api-2.3.1.jar!/javax/xml/bind/annotation/XmlRegistry.class
[WARNING] javax.xml.bind.annotation.XmlRootElement scanned from multiple locations: jar:file:///C:/Users/AMANY/.m2/repository/jakarta/xml/bind/jakarta.xml.bind-api/2.3.3/jakarta.xml.bind-api-2.3.3.jar!/javax/xml/bind/annotation/XmlRootElement.class, jar:file:///C:/Users/AMANY/.m2/repository/javax/xml/bind/jaxb-api/2.3.1/jaxb-api-2.3.1.jar!/javax/xml/bind/annotation/XmlRootElement.class
[WARNING] javax.xml.bind.annotation.XmlSchema scanned from multiple locations: jar:file:///C:/Users/AMANY/.m2/repository/jakarta/xml/bind/jakarta.xml.bind-api/2.3.3/jakarta.xml.bind-api-2.3.3.jar!/javax/xml/bind/annotation/XmlSchema.class, jar:file:///C:/Users/AMANY/.m2/repository/javax/xml/bind/jaxb-api/2.3.1/jaxb-api-2.3.1.jar!/javax/xml/bind/annotation/XmlSchema.class
[WARNING] javax.xml.bind.annotation.XmlSchemaType$DEFAULT scanned from multiple locations: jar:file:///C:/Users/AMANY/.m2/repository/jakarta/xml/bind/jakarta.xml.bind-api/2.3.3/jakarta.xml.bind-api-2.3.3.jar!/javax/xml/bind/annotation/XmlSchemaType$DEFAULT.class, jar:file:///C:/Users/AMANY/.m2/repository/javax/xml/bind/jaxb-api/2.3.1/jaxb-api-2.3.1.jar!/javax/xml/bind/annotation/XmlSchemaType$DEFAULT.class
[WARNING] javax.xml.bind.annotation.XmlSchemaType scanned from multiple locations: jar:file:///C:/Users/AMANY/.m2/repository/jakarta/xml/bind/jakarta.xml.bind-api/2.3.3/jakarta.xml.bind-api-2.3.3.jar!/javax/xml/bind/annotation/XmlSchemaType.class, jar:file:///C:/Users/AMANY/.m2/repository/javax/xml/bind/jaxb-api/2.3.1/jaxb-api-2.3.1.jar!/javax/xml/bind/annotation/XmlSchemaType.class
[WARNING] javax.xml.bind.annotation.XmlSchemaTypes scanned from multiple locations: jar:file:///C:/Users/AMANY/.m2/repository/jakarta/xml/bind/jakarta.xml.bind-api/2.3.3/jakarta.xml.bind-api-2.3.3.jar!/javax/xml/bind/annotation/XmlSchemaTypes.class, jar:file:///C:/Users/AMANY/.m2/repository/javax/xml/bind/jaxb-api/2.3.1/jaxb-api-2.3.1.jar!/javax/xml/bind/annotation/XmlSchemaTypes.class
[WARNING] javax.xml.bind.annotation.XmlSeeAlso scanned from multiple locations: jar:file:///C:/Users/AMANY/.m2/repository/jakarta/xml/bind/jakarta.xml.bind-api/2.3.3/jakarta.xml.bind-api-2.3.3.jar!/javax/xml/bind/annotation/XmlSeeAlso.class, jar:file:///C:/Users/AMANY/.m2/repository/javax/xml/bind/jaxb-api/2.3.1/jaxb-api-2.3.1.jar!/javax/xml/bind/annotation/XmlSeeAlso.class
[WARNING] javax.xml.bind.annotation.XmlTransient scanned from multiple locations: jar:file:///C:/Users/AMANY/.m2/repository/jakarta/xml/bind/jakarta.xml.bind-api/2.3.3/jakarta.xml.bind-api-2.3.3.jar!/javax/xml/bind/annotation/XmlTransient.class, jar:file:///C:/Users/AMANY/.m2/repository/javax/xml/bind/jaxb-api/2.3.1/jaxb-api-2.3.1.jar!/javax/xml/bind/annotation/XmlTransient.class
[WARNING] javax.xml.bind.annotation.XmlType$DEFAULT scanned from multiple locations: jar:file:///C:/Users/AMANY/.m2/repository/jakarta/xml/bind/jakarta.xml.bind-api/2.3.3/jakarta.xml.bind-api-2.3.3.jar!/javax/xml/bind/annotation/XmlType$DEFAULT.class, jar:file:///C:/Users/AMANY/.m2/repository/javax/xml/bind/jaxb-api/2.3.1/jaxb-api-2.3.1.jar!/javax/xml/bind/annotation/XmlType$DEFAULT.class
[WARNING] javax.xml.bind.annotation.XmlType scanned from multiple locations: jar:file:///C:/Users/AMANY/.m2/repository/jakarta/xml/bind/jakarta.xml.bind-api/2.3.3/jakarta.xml.bind-api-2.3.3.jar!/javax/xml/bind/annotation/XmlType.class, jar:file:///C:/Users/AMANY/.m2/repository/javax/xml/bind/jaxb-api/2.3.1/jaxb-api-2.3.1.jar!/javax/xml/bind/annotation/XmlType.class
[WARNING] javax.xml.bind.annotation.XmlValue scanned from multiple locations: jar:file:///C:/Users/AMANY/.m2/repository/jakarta/xml/bind/jakarta.xml.bind-api/2.3.3/jakarta.xml.bind-api-2.3.3.jar!/javax/xml/bind/annotation/XmlValue.class, jar:file:///C:/Users/AMANY/.m2/repository/javax/xml/bind/jaxb-api/2.3.1/jaxb-api-2.3.1.jar!/javax/xml/bind/annotation/XmlValue.class
[WARNING] javax.xml.bind.annotation.adapters.CollapsedStringAdapter scanned from multiple locations: jar:file:///C:/Users/AMANY/.m2/repository/jakarta/xml/bind/jakarta.xml.bind-api/2.3.3/jakarta.xml.bind-api-2.3.3.jar!/javax/xml/bind/annotation/adapters/CollapsedStringAdapter.class, jar:file:///C:/Users/AMANY/.m2/repository/javax/xml/bind/jaxb-api/2.3.1/jaxb-api-2.3.1.jar!/javax/xml/bind/annotation/adapters/CollapsedStringAdapter.class
[WARNING] javax.xml.bind.annotation.adapters.HexBinaryAdapter scanned from multiple locations: jar:file:///C:/Users/AMANY/.m2/repository/jakarta/xml/bind/jakarta.xml.bind-api/2.3.3/jakarta.xml.bind-api-2.3.3.jar!/javax/xml/bind/annotation/adapters/HexBinaryAdapter.class, jar:file:///C:/Users/AMANY/.m2/repository/javax/xml/bind/jaxb-api/2.3.1/jaxb-api-2.3.1.jar!/javax/xml/bind/annotation/adapters/HexBinaryAdapter.class
[WARNING] javax.xml.bind.annotation.adapters.NormalizedStringAdapter scanned from multiple locations: jar:file:///C:/Users/AMANY/.m2/repository/jakarta/xml/bind/jakarta.xml.bind-api/2.3.3/jakarta.xml.bind-api-2.3.3.jar!/javax/xml/bind/annotation/adapters/NormalizedStringAdapter.class, jar:file:///C:/Users/AMANY/.m2/repository/javax/xml/bind/jaxb-api/2.3.1/jaxb-api-2.3.1.jar!/javax/xml/bind/annotation/adapters/NormalizedStringAdapter.class
[WARNING] javax.xml.bind.annotation.adapters.XmlAdapter scanned from multiple locations: jar:file:///C:/Users/AMANY/.m2/repository/jakarta/xml/bind/jakarta.xml.bind-api/2.3.3/jakarta.xml.bind-api-2.3.3.jar!/javax/xml/bind/annotation/adapters/XmlAdapter.class, jar:file:///C:/Users/AMANY/.m2/repository/javax/xml/bind/jaxb-api/2.3.1/jaxb-api-2.3.1.jar!/javax/xml/bind/annotation/adapters/XmlAdapter.class
[WARNING] javax.xml.bind.annotation.adapters.XmlJavaTypeAdapter$DEFAULT scanned from multiple locations: jar:file:///C:/Users/AMANY/.m2/repository/jakarta/xml/bind/jakarta.xml.bind-api/2.3.3/jakarta.xml.bind-api-2.3.3.jar!/javax/xml/bind/annotation/adapters/XmlJavaTypeAdapter$DEFAULT.class, jar:file:///C:/Users/AMANY/.m2/repository/javax/xml/bind/jaxb-api/2.3.1/jaxb-api-2.3.1.jar!/javax/xml/bind/annotation/adapters/XmlJavaTypeAdapter$DEFAULT.class
[WARNING] javax.xml.bind.annotation.adapters.XmlJavaTypeAdapter scanned from multiple locations: jar:file:///C:/Users/AMANY/.m2/repository/jakarta/xml/bind/jakarta.xml.bind-api/2.3.3/jakarta.xml.bind-api-2.3.3.jar!/javax/xml/bind/annotation/adapters/XmlJavaTypeAdapter.class, jar:file:///C:/Users/AMANY/.m2/repository/javax/xml/bind/jaxb-api/2.3.1/jaxb-api-2.3.1.jar!/javax/xml/bind/annotation/adapters/XmlJavaTypeAdapter.class
[WARNING] javax.xml.bind.annotation.adapters.XmlJavaTypeAdapters scanned from multiple locations: jar:file:///C:/Users/AMANY/.m2/repository/jakarta/xml/bind/jakarta.xml.bind-api/2.3.3/jakarta.xml.bind-api-2.3.3.jar!/javax/xml/bind/annotation/adapters/XmlJavaTypeAdapters.class, jar:file:///C:/Users/AMANY/.m2/repository/javax/xml/bind/jaxb-api/2.3.1/jaxb-api-2.3.1.jar!/javax/xml/bind/annotation/adapters/XmlJavaTypeAdapters.class
[WARNING] javax.xml.bind.attachment.AttachmentMarshaller scanned from multiple locations: jar:file:///C:/Users/AMANY/.m2/repository/jakarta/xml/bind/jakarta.xml.bind-api/2.3.3/jakarta.xml.bind-api-2.3.3.jar!/javax/xml/bind/attachment/AttachmentMarshaller.class, jar:file:///C:/Users/AMANY/.m2/repository/javax/xml/bind/jaxb-api/2.3.1/jaxb-api-2.3.1.jar!/javax/xml/bind/attachment/AttachmentMarshaller.class
[WARNING] javax.xml.bind.attachment.AttachmentUnmarshaller scanned from multiple locations: jar:file:///C:/Users/AMANY/.m2/repository/jakarta/xml/bind/jakarta.xml.bind-api/2.3.3/jakarta.xml.bind-api-2.3.3.jar!/javax/xml/bind/attachment/AttachmentUnmarshaller.class, jar:file:///C:/Users/AMANY/.m2/repository/javax/xml/bind/jaxb-api/2.3.1/jaxb-api-2.3.1.jar!/javax/xml/bind/attachment/AttachmentUnmarshaller.class
[WARNING] javax.xml.bind.helpers.AbstractMarshallerImpl scanned from multiple locations: jar:file:///C:/Users/AMANY/.m2/repository/jakarta/xml/bind/jakarta.xml.bind-api/2.3.3/jakarta.xml.bind-api-2.3.3.jar!/javax/xml/bind/helpers/AbstractMarshallerImpl.class, jar:file:///C:/Users/AMANY/.m2/repository/javax/xml/bind/jaxb-api/2.3.1/jaxb-api-2.3.1.jar!/javax/xml/bind/helpers/AbstractMarshallerImpl.class
[WARNING] javax.xml.bind.helpers.AbstractUnmarshallerImpl scanned from multiple locations: jar:file:///C:/Users/AMANY/.m2/repository/jakarta/xml/bind/jakarta.xml.bind-api/2.3.3/jakarta.xml.bind-api-2.3.3.jar!/javax/xml/bind/helpers/AbstractUnmarshallerImpl.class, jar:file:///C:/Users/AMANY/.m2/repository/javax/xml/bind/jaxb-api/2.3.1/jaxb-api-2.3.1.jar!/javax/xml/bind/helpers/AbstractUnmarshallerImpl.class
[WARNING] javax.xml.bind.helpers.DefaultValidationEventHandler scanned from multiple locations: jar:file:///C:/Users/AMANY/.m2/repository/jakarta/xml/bind/jakarta.xml.bind-api/2.3.3/jakarta.xml.bind-api-2.3.3.jar!/javax/xml/bind/helpers/DefaultValidationEventHandler.class, jar:file:///C:/Users/AMANY/.m2/repository/javax/xml/bind/jaxb-api/2.3.1/jaxb-api-2.3.1.jar!/javax/xml/bind/helpers/DefaultValidationEventHandler.class
[WARNING] javax.xml.bind.helpers.Messages scanned from multiple locations: jar:file:///C:/Users/AMANY/.m2/repository/jakarta/xml/bind/jakarta.xml.bind-api/2.3.3/jakarta.xml.bind-api-2.3.3.jar!/javax/xml/bind/helpers/Messages.class, jar:file:///C:/Users/AMANY/.m2/repository/javax/xml/bind/jaxb-api/2.3.1/jaxb-api-2.3.1.jar!/javax/xml/bind/helpers/Messages.class
[WARNING] javax.xml.bind.helpers.NotIdentifiableEventImpl scanned from multiple locations: jar:file:///C:/Users/AMANY/.m2/repository/jakarta/xml/bind/jakarta.xml.bind-api/2.3.3/jakarta.xml.bind-api-2.3.3.jar!/javax/xml/bind/helpers/NotIdentifiableEventImpl.class, jar:file:///C:/Users/AMANY/.m2/repository/javax/xml/bind/jaxb-api/2.3.1/jaxb-api-2.3.1.jar!/javax/xml/bind/helpers/NotIdentifiableEventImpl.class
[WARNING] javax.xml.bind.helpers.ParseConversionEventImpl scanned from multiple locations: jar:file:///C:/Users/AMANY/.m2/repository/jakarta/xml/bind/jakarta.xml.bind-api/2.3.3/jakarta.xml.bind-api-2.3.3.jar!/javax/xml/bind/helpers/ParseConversionEventImpl.class, jar:file:///C:/Users/AMANY/.m2/repository/javax/xml/bind/jaxb-api/2.3.1/jaxb-api-2.3.1.jar!/javax/xml/bind/helpers/ParseConversionEventImpl.class
[WARNING] javax.xml.bind.helpers.PrintConversionEventImpl scanned from multiple locations: jar:file:///C:/Users/AMANY/.m2/repository/jakarta/xml/bind/jakarta.xml.bind-api/2.3.3/jakarta.xml.bind-api-2.3.3.jar!/javax/xml/bind/helpers/PrintConversionEventImpl.class, jar:file:///C:/Users/AMANY/.m2/repository/javax/xml/bind/jaxb-api/2.3.1/jaxb-api-2.3.1.jar!/javax/xml/bind/helpers/PrintConversionEventImpl.class
[WARNING] javax.xml.bind.helpers.ValidationEventImpl scanned from multiple locations: jar:file:///C:/Users/AMANY/.m2/repository/jakarta/xml/bind/jakarta.xml.bind-api/2.3.3/jakarta.xml.bind-api-2.3.3.jar!/javax/xml/bind/helpers/ValidationEventImpl.class, jar:file:///C:/Users/AMANY/.m2/repository/javax/xml/bind/jaxb-api/2.3.1/jaxb-api-2.3.1.jar!/javax/xml/bind/helpers/ValidationEventImpl.class
[WARNING] javax.xml.bind.helpers.ValidationEventLocatorImpl scanned from multiple locations: jar:file:///C:/Users/AMANY/.m2/repository/jakarta/xml/bind/jakarta.xml.bind-api/2.3.3/jakarta.xml.bind-api-2.3.3.jar!/javax/xml/bind/helpers/ValidationEventLocatorImpl.class, jar:file:///C:/Users/AMANY/.m2/repository/javax/xml/bind/jaxb-api/2.3.1/jaxb-api-2.3.1.jar!/javax/xml/bind/helpers/ValidationEventLocatorImpl.class
[WARNING] javax.xml.bind.util.JAXBResult scanned from multiple locations: jar:file:///C:/Users/AMANY/.m2/repository/jakarta/xml/bind/jakarta.xml.bind-api/2.3.3/jakarta.xml.bind-api-2.3.3.jar!/javax/xml/bind/util/JAXBResult.class, jar:file:///C:/Users/AMANY/.m2/repository/javax/xml/bind/jaxb-api/2.3.1/jaxb-api-2.3.1.jar!/javax/xml/bind/util/JAXBResult.class
[WARNING] javax.xml.bind.util.JAXBSource$1 scanned from multiple locations: jar:file:///C:/Users/AMANY/.m2/repository/jakarta/xml/bind/jakarta.xml.bind-api/2.3.3/jakarta.xml.bind-api-2.3.3.jar!/javax/xml/bind/util/JAXBSource$1.class, jar:file:///C:/Users/AMANY/.m2/repository/javax/xml/bind/jaxb-api/2.3.1/jaxb-api-2.3.1.jar!/javax/xml/bind/util/JAXBSource$1.class
[WARNING] javax.xml.bind.util.JAXBSource scanned from multiple locations: jar:file:///C:/Users/AMANY/.m2/repository/jakarta/xml/bind/jakarta.xml.bind-api/2.3.3/jakarta.xml.bind-api-2.3.3.jar!/javax/xml/bind/util/JAXBSource.class, jar:file:///C:/Users/AMANY/.m2/repository/javax/xml/bind/jaxb-api/2.3.1/jaxb-api-2.3.1.jar!/javax/xml/bind/util/JAXBSource.class
[WARNING] javax.xml.bind.util.Messages scanned from multiple locations: jar:file:///C:/Users/AMANY/.m2/repository/jakarta/xml/bind/jakarta.xml.bind-api/2.3.3/jakarta.xml.bind-api-2.3.3.jar!/javax/xml/bind/util/Messages.class, jar:file:///C:/Users/AMANY/.m2/repository/javax/xml/bind/jaxb-api/2.3.1/jaxb-api-2.3.1.jar!/javax/xml/bind/util/Messages.class
[WARNING] javax.xml.bind.util.ValidationEventCollector scanned from multiple locations: jar:file:///C:/Users/AMANY/.m2/repository/jakarta/xml/bind/jakarta.xml.bind-api/2.3.3/jakarta.xml.bind-api-2.3.3.jar!/javax/xml/bind/util/ValidationEventCollector.class, jar:file:///C:/Users/AMANY/.m2/repository/javax/xml/bind/jaxb-api/2.3.1/jaxb-api-2.3.1.jar!/javax/xml/bind/util/ValidationEventCollector.class
[INFO] Scanning elapsed time=111ms
[INFO] DefaultSessionIdManager workerName=node0
[INFO] No SessionScavenger set, using defaults
[INFO] node0 Scavenging every 660000ms
[INFO] Started o.e.j.m.p.JettyWebAppContext@21274afe{/demo,file:///D:/Full%20Stack/Practice/Java,%20Spring,%20and%20Microservices/9.REST%20API%20and%20Web%20Services/ResourceClass/src/main/webapp/,AVAILABLE}{file:///D:/Full%20Stack/Practice/Java,%20Spring,%20and%20Microservices/9.REST%20API%20and%20Web%20Services/ResourceClass/src/main/webapp/}
[INFO] Started ServerConnector@65930e02{HTTP/1.1, (http/1.1)}{0.0.0.0:8081}
[INFO] Started @5714ms
[INFO] Started Jetty Server
